<?xml version="1.0" encoding="UTF-8"?>
<!-- Generated by org.testng.reporters.JUnitReportReporter -->
<testsuite hostname="DESKTOP-6MJ0RJ1" failures="0" tests="1" name="testcase2.OrganisationAndContactTest" time="83.576" errors="0" timestamp="2023-03-08T12:23:42 IST" skipped="0">
  <testcase classname="testcase2.OrganisationAndContactTest" name="OrganisationAndContactTest" time="83.576"/>
  <system-out/>
</testsuite> <!-- testcase2.OrganisationAndContactTest -->
