<?xml version="1.0" encoding="UTF-8"?>
<!-- Generated by org.testng.reporters.JUnitReportReporter -->
<testsuite hostname="DESKTOP-6MJ0RJ1" failures="0" tests="1" name="testcase2.CreateOrganisationTest" time="67.362" errors="0" timestamp="2023-03-12T15:37:34 IST" skipped="0">
  <testcase classname="testcase2.CreateOrganisationTest" name="CreateOrganisationTest" time="67.362"/>
  <system-out/>
</testsuite> <!-- testcase2.CreateOrganisationTest -->
