<?xml version="1.0" encoding="UTF-8"?>
<!-- Generated by org.testng.reporters.JUnitReportReporter -->
<testsuite hostname="DESKTOP-6MJ0RJ1" failures="0" tests="1" name="testcase2.OrganisationAndProduct" time="76.586" errors="0" timestamp="2023-03-06T15:01:15 IST" skipped="0">
  <testcase classname="testcase2.OrganisationAndProduct" name="OrganisationAndProduct" time="76.586"/>
  <system-out/>
</testsuite> <!-- testcase2.OrganisationAndProduct -->
