<?xml version="1.0" encoding="UTF-8"?>
<!-- Generated by org.testng.reporters.JUnitReportReporter -->
<testsuite hostname="DESKTOP-6MJ0RJ1" failures="0" tests="2" name="testcase3.ProductAndOrgRegionalRegressiontest" time="87.004" errors="0" timestamp="2023-03-11T13:57:08 IST" skipped="0">
  <testcase classname="testcase3.ProductAndOrgRegionalRegressiontest" name="CreateOrganisationtest" time="53.363"/>
  <system-out/>
  <testcase classname="testcase3.ProductAndOrgRegionalRegressiontest" name="CreateCampaignTest" time="33.641"/>
  <system-out/>
</testsuite> <!-- testcase3.ProductAndOrgRegionalRegressiontest -->
