<?xml version="1.0" encoding="UTF-8"?>
<!-- Generated by org.testng.reporters.JUnitReportReporter -->
<testsuite hostname="DESKTOP-6MJ0RJ1" failures="0" tests="1" name="testcase2.CreateOrganisation" time="50.953" errors="0" timestamp="2023-03-06T14:49:37 IST" skipped="0">
  <testcase classname="testcase2.CreateOrganisation" name="CreateOrganisation" time="50.953"/>
  <system-out/>
</testsuite> <!-- testcase2.CreateOrganisation -->
