<?xml version="1.0" encoding="UTF-8"?>
<!-- Generated by org.testng.reporters.JUnitReportReporter -->
<testsuite hostname="DESKTOP-6MJ0RJ1" failures="0" tests="1" name="testcase2.DeleteProductTest" time="70.610" errors="0" timestamp="2023-03-12T15:37:34 IST" skipped="0">
  <testcase classname="testcase2.DeleteProductTest" name="DeleteProductTest" time="70.610"/>
  <system-out/>
</testsuite> <!-- testcase2.DeleteProductTest -->
