<?xml version="1.0" encoding="UTF-8"?>
<!-- Generated by org.testng.reporters.JUnitReportReporter -->
<testsuite hostname="DESKTOP-6MJ0RJ1" failures="0" tests="1" name="testcase2.CreateProduct" time="118.628" errors="0" timestamp="2023-03-06T14:40:43 IST" skipped="0">
  <testcase classname="testcase2.CreateProduct" name="CreateProduct" time="118.628"/>
  <system-out/>
</testsuite> <!-- testcase2.CreateProduct -->
