<?xml version="1.0" encoding="UTF-8"?>
<!-- Generated by org.testng.reporters.JUnitReportReporter -->
<testsuite hostname="DESKTOP-6MJ0RJ1" failures="0" tests="1" name="testcase2.CampaignAndProduct" time="82.122" errors="0" timestamp="2023-03-06T14:58:05 IST" skipped="0">
  <testcase classname="testcase2.CampaignAndProduct" name="CampaignAndProduct" time="82.122"/>
  <system-out/>
</testsuite> <!-- testcase2.CampaignAndProduct -->
