<?xml version="1.0" encoding="UTF-8"?>
<!-- Generated by org.testng.reporters.JUnitReportReporter -->
<testsuite hostname="DESKTOP-6MJ0RJ1" failures="0" tests="1" name="testcase2.CampaignAndProductTest" time="68.668" errors="0" timestamp="2023-03-08T12:10:48 IST" skipped="0">
  <testcase classname="testcase2.CampaignAndProductTest" name="CampaignAndProductTest" time="68.668"/>
  <system-out/>
</testsuite> <!-- testcase2.CampaignAndProductTest -->
