<?xml version="1.0" encoding="UTF-8"?>
<!-- Generated by org.testng.reporters.JUnitReportReporter -->
<testsuite hostname="DESKTOP-6MJ0RJ1" failures="0" tests="1" name="testcase2.CreateCampaign" time="61.769" errors="0" timestamp="2023-03-06T14:54:37 IST" skipped="0">
  <testcase classname="testcase2.CreateCampaign" name="CreateCampaign" time="61.769"/>
  <system-out/>
</testsuite> <!-- testcase2.CreateCampaign -->
