<?xml version="1.0" encoding="UTF-8"?>
<!-- Generated by org.testng.reporters.JUnitReportReporter -->
<testsuite hostname="DESKTOP-6MJ0RJ1" failures="0" tests="1" name="testcase2.CreateCampaignTest" time="120.362" errors="0" timestamp="2023-03-12T15:37:34 IST" skipped="0">
  <testcase classname="testcase2.CreateCampaignTest" name="CreateCampaignTest" time="120.362"/>
  <system-out/>
</testsuite> <!-- testcase2.CreateCampaignTest -->
